$ make shell                                                                                    15:23
nix-shell -v
evaluating file '/nix/store/87i4fp46jfw9yl8c7i9gx75m5yph7irl-nix-2.2.2/share/nix/corepkgs/derivation.nix'
evaluating file '/nix/store/96l86c0mpipbx10yfrzk65s6yc0jj7cf-nixpkgs-19.09pre188239.c0e56afddbc/nixpkgs/default.nix'
evaluating file '/nix/store/96l86c0mpipbx10yfrzk65s6yc0jj7cf-nixpkgs-19.09pre188239.c0e56afddbc/nixpkgs/lib/minver.nix'
evaluating file '/nix/store/96l86c0mpipbx10yfrzk65s6yc0jj7cf-nixpkgs-19.09pre188239.c0e56afddbc/nixpkgs/pkgs/top-level/impure.nix'
evaluating file '/nix/store/96l86c0mpipbx10yfrzk65s6yc0jj7cf-nixpkgs-19.09pre188239.c0e56afddbc/nixpkgs/pkgs/top-level/default.nix'
evaluating file '/nix/store/96l86c0mpipbx10yfrzk65s6yc0jj7cf-nixpkgs-19.09pre188239.c0e56afddbc/nixpkgs/pkgs/stdenv/booter.nix'
evaluating file '/nix/store/96l86c0mpipbx10yfrzk65s6yc0jj7cf-nixpkgs-19.09pre188239.c0e56afddbc/nixpkgs/lib/default.nix'
evaluating file '/nix/store/96l86c0mpipbx10yfrzk65s6yc0jj7cf-nixpkgs-19.09pre188239.c0e56afddbc/nixpkgs/lib/fixed-points.nix'
evaluating file '/nix/store/96l86c0mpipbx10yfrzk65s6yc0jj7cf-nixpkgs-19.09pre188239.c0e56afddbc/nixpkgs/lib/lists.nix'
evaluating file '/nix/store/96l86c0mpipbx10yfrzk65s6yc0jj7cf-nixpkgs-19.09pre188239.c0e56afddbc/nixpkgs/pkgs/stdenv/default.nix'
evaluating file '/nix/store/96l86c0mpipbx10yfrzk65s6yc0jj7cf-nixpkgs-19.09pre188239.c0e56afddbc/nixpkgs/lib/systems/default.nix'
evaluating file '/nix/store/96l86c0mpipbx10yfrzk65s6yc0jj7cf-nixpkgs-19.09pre188239.c0e56afddbc/nixpkgs/lib/attrsets.nix'
evaluating file '/nix/store/96l86c0mpipbx10yfrzk65s6yc0jj7cf-nixpkgs-19.09pre188239.c0e56afddbc/nixpkgs/lib/systems/inspect.nix'
evaluating file '/nix/store/96l86c0mpipbx10yfrzk65s6yc0jj7cf-nixpkgs-19.09pre188239.c0e56afddbc/nixpkgs/lib/trivial.nix'
evaluating file '/nix/store/96l86c0mpipbx10yfrzk65s6yc0jj7cf-nixpkgs-19.09pre188239.c0e56afddbc/nixpkgs/lib/systems/parse.nix'
evaluating file '/nix/store/96l86c0mpipbx10yfrzk65s6yc0jj7cf-nixpkgs-19.09pre188239.c0e56afddbc/nixpkgs/lib/strings.nix'
evaluating file '/nix/store/96l86c0mpipbx10yfrzk65s6yc0jj7cf-nixpkgs-19.09pre188239.c0e56afddbc/nixpkgs/lib/types.nix'
evaluating file '/nix/store/96l86c0mpipbx10yfrzk65s6yc0jj7cf-nixpkgs-19.09pre188239.c0e56afddbc/nixpkgs/lib/options.nix'
evaluating file '/nix/store/96l86c0mpipbx10yfrzk65s6yc0jj7cf-nixpkgs-19.09pre188239.c0e56afddbc/nixpkgs/lib/systems/platforms.nix'
evaluating file '/nix/store/96l86c0mpipbx10yfrzk65s6yc0jj7cf-nixpkgs-19.09pre188239.c0e56afddbc/nixpkgs/lib/modules.nix'
evaluating file '/nix/store/96l86c0mpipbx10yfrzk65s6yc0jj7cf-nixpkgs-19.09pre188239.c0e56afddbc/nixpkgs/lib/debug.nix'
evaluating file '/nix/store/96l86c0mpipbx10yfrzk65s6yc0jj7cf-nixpkgs-19.09pre188239.c0e56afddbc/nixpkgs/pkgs/top-level/config.nix'
evaluating file '/nix/store/96l86c0mpipbx10yfrzk65s6yc0jj7cf-nixpkgs-19.09pre188239.c0e56afddbc/nixpkgs/pkgs/stdenv/darwin/default.nix'
evaluating file '/nix/store/96l86c0mpipbx10yfrzk65s6yc0jj7cf-nixpkgs-19.09pre188239.c0e56afddbc/nixpkgs/pkgs/top-level/stage.nix'
evaluating file '/nix/store/96l86c0mpipbx10yfrzk65s6yc0jj7cf-nixpkgs-19.09pre188239.c0e56afddbc/nixpkgs/pkgs/stdenv/adapters.nix'
evaluating file '/nix/store/96l86c0mpipbx10yfrzk65s6yc0jj7cf-nixpkgs-19.09pre188239.c0e56afddbc/nixpkgs/pkgs/build-support/trivial-builders.nix'
evaluating file '/nix/store/96l86c0mpipbx10yfrzk65s6yc0jj7cf-nixpkgs-19.09pre188239.c0e56afddbc/nixpkgs/pkgs/top-level/splice.nix'
evaluating file '/nix/store/96l86c0mpipbx10yfrzk65s6yc0jj7cf-nixpkgs-19.09pre188239.c0e56afddbc/nixpkgs/pkgs/top-level/all-packages.nix'
evaluating file '/nix/store/96l86c0mpipbx10yfrzk65s6yc0jj7cf-nixpkgs-19.09pre188239.c0e56afddbc/nixpkgs/pkgs/top-level/aliases.nix'
evaluating file '/nix/store/96l86c0mpipbx10yfrzk65s6yc0jj7cf-nixpkgs-19.09pre188239.c0e56afddbc/nixpkgs/pkgs/stdenv/generic/default.nix'
evaluating file '/nix/store/96l86c0mpipbx10yfrzk65s6yc0jj7cf-nixpkgs-19.09pre188239.c0e56afddbc/nixpkgs/lib/customisation.nix'
evaluating file '/nix/store/96l86c0mpipbx10yfrzk65s6yc0jj7cf-nixpkgs-19.09pre188239.c0e56afddbc/nixpkgs/pkgs/stdenv/generic/make-derivation.nix'
evaluating file '/nix/store/96l86c0mpipbx10yfrzk65s6yc0jj7cf-nixpkgs-19.09pre188239.c0e56afddbc/nixpkgs/pkgs/stdenv/generic/check-meta.nix'
evaluating file '/nix/store/96l86c0mpipbx10yfrzk65s6yc0jj7cf-nixpkgs-19.09pre188239.c0e56afddbc/nixpkgs/lib/systems/doubles.nix'
evaluating file '/nix/store/96l86c0mpipbx10yfrzk65s6yc0jj7cf-nixpkgs-19.09pre188239.c0e56afddbc/nixpkgs/pkgs/top-level/darwin-packages.nix'
evaluating file '/nix/store/96l86c0mpipbx10yfrzk65s6yc0jj7cf-nixpkgs-19.09pre188239.c0e56afddbc/nixpkgs/pkgs/servers/x11/xorg/default.nix'
evaluating file '/nix/store/96l86c0mpipbx10yfrzk65s6yc0jj7cf-nixpkgs-19.09pre188239.c0e56afddbc/nixpkgs/pkgs/servers/x11/xorg/overrides.nix'
evaluating file '/nix/store/96l86c0mpipbx10yfrzk65s6yc0jj7cf-nixpkgs-19.09pre188239.c0e56afddbc/nixpkgs/pkgs/os-specific/darwin/apple-source-releases/default.nix'
evaluating file '/nix/store/96l86c0mpipbx10yfrzk65s6yc0jj7cf-nixpkgs-19.09pre188239.c0e56afddbc/nixpkgs/pkgs/os-specific/darwin/swift-corelibs/corefoundation.nix'
evaluating file '/nix/store/96l86c0mpipbx10yfrzk65s6yc0jj7cf-nixpkgs-19.09pre188239.c0e56afddbc/nixpkgs/pkgs/development/interpreters/ruby/default.nix'
evaluating file '/nix/store/96l86c0mpipbx10yfrzk65s6yc0jj7cf-nixpkgs-19.09pre188239.c0e56afddbc/nixpkgs/lib/licenses.nix'
evaluating file '/nix/store/96l86c0mpipbx10yfrzk65s6yc0jj7cf-nixpkgs-19.09pre188239.c0e56afddbc/nixpkgs/pkgs/development/interpreters/ruby/ruby-version.nix'
evaluating file '/nix/store/96l86c0mpipbx10yfrzk65s6yc0jj7cf-nixpkgs-19.09pre188239.c0e56afddbc/nixpkgs/pkgs/tools/text/groff/default.nix'
evaluating file '/nix/store/96l86c0mpipbx10yfrzk65s6yc0jj7cf-nixpkgs-19.09pre188239.c0e56afddbc/nixpkgs/pkgs/development/interpreters/perl/default.nix'
evaluating file '/nix/store/96l86c0mpipbx10yfrzk65s6yc0jj7cf-nixpkgs-19.09pre188239.c0e56afddbc/nixpkgs/lib/meta.nix'
evaluating file '/nix/store/96l86c0mpipbx10yfrzk65s6yc0jj7cf-nixpkgs-19.09pre188239.c0e56afddbc/nixpkgs/pkgs/shells/bash/4.4.nix'
evaluating file '/nix/store/96l86c0mpipbx10yfrzk65s6yc0jj7cf-nixpkgs-19.09pre188239.c0e56afddbc/nixpkgs/pkgs/build-support/bintools-wrapper/default.nix'
evaluating file '/nix/store/96l86c0mpipbx10yfrzk65s6yc0jj7cf-nixpkgs-19.09pre188239.c0e56afddbc/nixpkgs/pkgs/build-support/cc-wrapper/default.nix'
evaluating file '/nix/store/96l86c0mpipbx10yfrzk65s6yc0jj7cf-nixpkgs-19.09pre188239.c0e56afddbc/nixpkgs/pkgs/os-specific/darwin/apple-source-releases/Libsystem/default.nix'
evaluating file '/nix/store/87i4fp46jfw9yl8c7i9gx75m5yph7irl-nix-2.2.2/share/nix/corepkgs/fetchurl.nix'
evaluating file '/nix/store/96l86c0mpipbx10yfrzk65s6yc0jj7cf-nixpkgs-19.09pre188239.c0e56afddbc/nixpkgs/pkgs/os-specific/darwin/apple-source-releases/xnu/default.nix'
evaluating file '/nix/store/96l86c0mpipbx10yfrzk65s6yc0jj7cf-nixpkgs-19.09pre188239.c0e56afddbc/nixpkgs/pkgs/os-specific/darwin/apple-source-releases/bootstrap_cmds/default.nix'
evaluating file '/nix/store/96l86c0mpipbx10yfrzk65s6yc0jj7cf-nixpkgs-19.09pre188239.c0e56afddbc/nixpkgs/pkgs/development/tools/parsing/bison/3.x.nix'
evaluating file '/nix/store/96l86c0mpipbx10yfrzk65s6yc0jj7cf-nixpkgs-19.09pre188239.c0e56afddbc/nixpkgs/pkgs/development/tools/misc/gnum4/default.nix'
evaluating file '/nix/store/96l86c0mpipbx10yfrzk65s6yc0jj7cf-nixpkgs-19.09pre188239.c0e56afddbc/nixpkgs/pkgs/build-support/fetchurl/default.nix'
evaluating file '/nix/store/96l86c0mpipbx10yfrzk65s6yc0jj7cf-nixpkgs-19.09pre188239.c0e56afddbc/nixpkgs/lib/fetchers.nix'
evaluating file '/nix/store/96l86c0mpipbx10yfrzk65s6yc0jj7cf-nixpkgs-19.09pre188239.c0e56afddbc/nixpkgs/pkgs/build-support/fetchurl/mirrors.nix'
evaluating file '/nix/store/96l86c0mpipbx10yfrzk65s6yc0jj7cf-nixpkgs-19.09pre188239.c0e56afddbc/nixpkgs/pkgs/development/tools/parsing/flex/default.nix'
evaluating file '/nix/store/96l86c0mpipbx10yfrzk65s6yc0jj7cf-nixpkgs-19.09pre188239.c0e56afddbc/nixpkgs/pkgs/development/tools/misc/autoconf/default.nix'
evaluating file '/nix/store/96l86c0mpipbx10yfrzk65s6yc0jj7cf-nixpkgs-19.09pre188239.c0e56afddbc/nixpkgs/pkgs/development/tools/misc/automake/automake-1.16.x.nix'
evaluating file '/nix/store/96l86c0mpipbx10yfrzk65s6yc0jj7cf-nixpkgs-19.09pre188239.c0e56afddbc/nixpkgs/pkgs/development/libraries/gettext/default.nix'
evaluating file '/nix/store/96l86c0mpipbx10yfrzk65s6yc0jj7cf-nixpkgs-19.09pre188239.c0e56afddbc/nixpkgs/pkgs/os-specific/darwin/apple-source-releases/libiconv/default.nix'
evaluating file '/nix/store/96l86c0mpipbx10yfrzk65s6yc0jj7cf-nixpkgs-19.09pre188239.c0e56afddbc/nixpkgs/pkgs/tools/compression/xz/default.nix'
evaluating file '/nix/store/96l86c0mpipbx10yfrzk65s6yc0jj7cf-nixpkgs-19.09pre188239.c0e56afddbc/nixpkgs/pkgs/development/tools/misc/automake/automake-1.15.x.nix'
evaluating file '/nix/store/96l86c0mpipbx10yfrzk65s6yc0jj7cf-nixpkgs-19.09pre188239.c0e56afddbc/nixpkgs/pkgs/development/tools/misc/libtool/libtool2.nix'
evaluating file '/nix/store/96l86c0mpipbx10yfrzk65s6yc0jj7cf-nixpkgs-19.09pre188239.c0e56afddbc/nixpkgs/pkgs/development/tools/misc/help2man/default.nix'
evaluating file '/nix/store/96l86c0mpipbx10yfrzk65s6yc0jj7cf-nixpkgs-19.09pre188239.c0e56afddbc/nixpkgs/pkgs/top-level/perl-packages.nix'
evaluating file '/nix/store/96l86c0mpipbx10yfrzk65s6yc0jj7cf-nixpkgs-19.09pre188239.c0e56afddbc/nixpkgs/pkgs/development/perl-modules/generic/default.nix'
evaluating file '/nix/store/96l86c0mpipbx10yfrzk65s6yc0jj7cf-nixpkgs-19.09pre188239.c0e56afddbc/nixpkgs/pkgs/build-support/fetchpatch/default.nix'
evaluating file '/nix/store/96l86c0mpipbx10yfrzk65s6yc0jj7cf-nixpkgs-19.09pre188239.c0e56afddbc/nixpkgs/pkgs/tools/text/patchutils/0.3.3.nix'
evaluating file '/nix/store/96l86c0mpipbx10yfrzk65s6yc0jj7cf-nixpkgs-19.09pre188239.c0e56afddbc/nixpkgs/pkgs/tools/text/patchutils/generic.nix'
evaluating file '/nix/store/96l86c0mpipbx10yfrzk65s6yc0jj7cf-nixpkgs-19.09pre188239.c0e56afddbc/nixpkgs/pkgs/development/tools/misc/unifdef/default.nix'
evaluating file '/nix/store/96l86c0mpipbx10yfrzk65s6yc0jj7cf-nixpkgs-19.09pre188239.c0e56afddbc/nixpkgs/pkgs/development/interpreters/python/cpython/2.7/boot.nix'
evaluating file '/nix/store/96l86c0mpipbx10yfrzk65s6yc0jj7cf-nixpkgs-19.09pre188239.c0e56afddbc/nixpkgs/pkgs/tools/misc/coreutils/default.nix'
evaluating file '/nix/store/96l86c0mpipbx10yfrzk65s6yc0jj7cf-nixpkgs-19.09pre188239.c0e56afddbc/nixpkgs/pkgs/development/libraries/gmp/6.x.nix'
evaluating file '/nix/store/96l86c0mpipbx10yfrzk65s6yc0jj7cf-nixpkgs-19.09pre188239.c0e56afddbc/nixpkgs/pkgs/os-specific/darwin/apple-source-releases/Libc/default.nix'
evaluating file '/nix/store/96l86c0mpipbx10yfrzk65s6yc0jj7cf-nixpkgs-19.09pre188239.c0e56afddbc/nixpkgs/pkgs/build-support/fetchzip/default.nix'
evaluating file '/nix/store/96l86c0mpipbx10yfrzk65s6yc0jj7cf-nixpkgs-19.09pre188239.c0e56afddbc/nixpkgs/pkgs/tools/archivers/unzip/default.nix'
evaluating file '/nix/store/96l86c0mpipbx10yfrzk65s6yc0jj7cf-nixpkgs-19.09pre188239.c0e56afddbc/nixpkgs/pkgs/tools/compression/bzip2/default.nix'
evaluating file '/nix/store/96l86c0mpipbx10yfrzk65s6yc0jj7cf-nixpkgs-19.09pre188239.c0e56afddbc/nixpkgs/pkgs/os-specific/darwin/apple-source-releases/Libc/825_40_1.nix'
evaluating file '/nix/store/96l86c0mpipbx10yfrzk65s6yc0jj7cf-nixpkgs-19.09pre188239.c0e56afddbc/nixpkgs/pkgs/applications/editors/ed/default.nix'
evaluating file '/nix/store/96l86c0mpipbx10yfrzk65s6yc0jj7cf-nixpkgs-19.09pre188239.c0e56afddbc/nixpkgs/pkgs/tools/compression/lzip/default.nix'
evaluating file '/nix/store/96l86c0mpipbx10yfrzk65s6yc0jj7cf-nixpkgs-19.09pre188239.c0e56afddbc/nixpkgs/pkgs/development/tools/misc/texinfo/6.5.nix'
evaluating file '/nix/store/96l86c0mpipbx10yfrzk65s6yc0jj7cf-nixpkgs-19.09pre188239.c0e56afddbc/nixpkgs/pkgs/development/tools/misc/texinfo/common.nix'
evaluating file '/nix/store/96l86c0mpipbx10yfrzk65s6yc0jj7cf-nixpkgs-19.09pre188239.c0e56afddbc/nixpkgs/pkgs/os-specific/darwin/apple-source-releases/Libm/default.nix'
evaluating file '/nix/store/96l86c0mpipbx10yfrzk65s6yc0jj7cf-nixpkgs-19.09pre188239.c0e56afddbc/nixpkgs/pkgs/os-specific/darwin/apple-source-releases/Libinfo/default.nix'
evaluating file '/nix/store/96l86c0mpipbx10yfrzk65s6yc0jj7cf-nixpkgs-19.09pre188239.c0e56afddbc/nixpkgs/pkgs/os-specific/darwin/apple-source-releases/dyld/default.nix'
evaluating file '/nix/store/96l86c0mpipbx10yfrzk65s6yc0jj7cf-nixpkgs-19.09pre188239.c0e56afddbc/nixpkgs/pkgs/os-specific/darwin/apple-source-releases/architecture/default.nix'
evaluating file '/nix/store/96l86c0mpipbx10yfrzk65s6yc0jj7cf-nixpkgs-19.09pre188239.c0e56afddbc/nixpkgs/pkgs/os-specific/darwin/apple-source-releases/libclosure/default.nix'
evaluating file '/nix/store/96l86c0mpipbx10yfrzk65s6yc0jj7cf-nixpkgs-19.09pre188239.c0e56afddbc/nixpkgs/pkgs/os-specific/darwin/apple-source-releases/CarbonHeaders/default.nix'
evaluating file '/nix/store/96l86c0mpipbx10yfrzk65s6yc0jj7cf-nixpkgs-19.09pre188239.c0e56afddbc/nixpkgs/pkgs/os-specific/darwin/apple-source-releases/libdispatch/default.nix'
evaluating file '/nix/store/96l86c0mpipbx10yfrzk65s6yc0jj7cf-nixpkgs-19.09pre188239.c0e56afddbc/nixpkgs/pkgs/development/libraries/ncurses/default.nix'
evaluating file '/nix/store/96l86c0mpipbx10yfrzk65s6yc0jj7cf-nixpkgs-19.09pre188239.c0e56afddbc/nixpkgs/pkgs/development/tools/misc/pkg-config/default.nix'
evaluating file '/nix/store/96l86c0mpipbx10yfrzk65s6yc0jj7cf-nixpkgs-19.09pre188239.c0e56afddbc/nixpkgs/pkgs/os-specific/darwin/apple-source-releases/CommonCrypto/default.nix'
evaluating file '/nix/store/96l86c0mpipbx10yfrzk65s6yc0jj7cf-nixpkgs-19.09pre188239.c0e56afddbc/nixpkgs/pkgs/os-specific/darwin/apple-source-releases/copyfile/default.nix'
evaluating file '/nix/store/96l86c0mpipbx10yfrzk65s6yc0jj7cf-nixpkgs-19.09pre188239.c0e56afddbc/nixpkgs/pkgs/os-specific/darwin/apple-source-releases/removefile/default.nix'
evaluating file '/nix/store/96l86c0mpipbx10yfrzk65s6yc0jj7cf-nixpkgs-19.09pre188239.c0e56afddbc/nixpkgs/pkgs/os-specific/darwin/apple-source-releases/libresolv/default.nix'
evaluating file '/nix/store/96l86c0mpipbx10yfrzk65s6yc0jj7cf-nixpkgs-19.09pre188239.c0e56afddbc/nixpkgs/pkgs/os-specific/darwin/apple-source-releases/configd/default.nix'
evaluating file '/nix/store/96l86c0mpipbx10yfrzk65s6yc0jj7cf-nixpkgs-19.09pre188239.c0e56afddbc/nixpkgs/pkgs/os-specific/darwin/apple-source-releases/launchd/default.nix'
evaluating file '/nix/store/96l86c0mpipbx10yfrzk65s6yc0jj7cf-nixpkgs-19.09pre188239.c0e56afddbc/nixpkgs/pkgs/os-specific/darwin/apple-source-releases/ppp/default.nix'
evaluating file '/nix/store/96l86c0mpipbx10yfrzk65s6yc0jj7cf-nixpkgs-19.09pre188239.c0e56afddbc/nixpkgs/pkgs/os-specific/darwin/apple-source-releases/IOKit/default.nix'
evaluating file '/nix/store/96l86c0mpipbx10yfrzk65s6yc0jj7cf-nixpkgs-19.09pre188239.c0e56afddbc/nixpkgs/pkgs/os-specific/darwin/apple-source-releases/eap8021x/default.nix'
evaluating file '/nix/store/96l86c0mpipbx10yfrzk65s6yc0jj7cf-nixpkgs-19.09pre188239.c0e56afddbc/nixpkgs/pkgs/os-specific/darwin/apple-source-releases/Security/boot.nix'
evaluating file '/nix/store/96l86c0mpipbx10yfrzk65s6yc0jj7cf-nixpkgs-19.09pre188239.c0e56afddbc/nixpkgs/pkgs/os-specific/darwin/apple-source-releases/mDNSResponder/default.nix'
evaluating file '/nix/store/96l86c0mpipbx10yfrzk65s6yc0jj7cf-nixpkgs-19.09pre188239.c0e56afddbc/nixpkgs/pkgs/os-specific/darwin/apple-source-releases/Libnotify/default.nix'
evaluating file '/nix/store/96l86c0mpipbx10yfrzk65s6yc0jj7cf-nixpkgs-19.09pre188239.c0e56afddbc/nixpkgs/pkgs/os-specific/darwin/apple-source-releases/libplatform/default.nix'
evaluating file '/nix/store/96l86c0mpipbx10yfrzk65s6yc0jj7cf-nixpkgs-19.09pre188239.c0e56afddbc/nixpkgs/pkgs/os-specific/darwin/apple-source-releases/libutil/default.nix'
evaluating file '/nix/store/96l86c0mpipbx10yfrzk65s6yc0jj7cf-nixpkgs-19.09pre188239.c0e56afddbc/nixpkgs/pkgs/os-specific/darwin/apple-source-releases/libpthread/default.nix'
evaluating file '/nix/store/96l86c0mpipbx10yfrzk65s6yc0jj7cf-nixpkgs-19.09pre188239.c0e56afddbc/nixpkgs/pkgs/os-specific/darwin/apple-source-releases/hfs/default.nix'
evaluating file '/nix/store/96l86c0mpipbx10yfrzk65s6yc0jj7cf-nixpkgs-19.09pre188239.c0e56afddbc/nixpkgs/pkgs/os-specific/darwin/cctools/port.nix'
evaluating file '/nix/store/96l86c0mpipbx10yfrzk65s6yc0jj7cf-nixpkgs-19.09pre188239.c0e56afddbc/nixpkgs/pkgs/development/compilers/llvm/7/default.nix'
evaluating file '/nix/store/96l86c0mpipbx10yfrzk65s6yc0jj7cf-nixpkgs-19.09pre188239.c0e56afddbc/nixpkgs/pkgs/development/compilers/llvm/7/libc++abi.nix'
evaluating file '/nix/store/96l86c0mpipbx10yfrzk65s6yc0jj7cf-nixpkgs-19.09pre188239.c0e56afddbc/nixpkgs/pkgs/development/libraries/qt-5/5.11/default.nix'
evaluating file '/nix/store/96l86c0mpipbx10yfrzk65s6yc0jj7cf-nixpkgs-19.09pre188239.c0e56afddbc/nixpkgs/pkgs/development/tools/build-managers/cmake/default.nix'
evaluating file '/nix/store/96l86c0mpipbx10yfrzk65s6yc0jj7cf-nixpkgs-19.09pre188239.c0e56afddbc/nixpkgs/pkgs/top-level/unix-tools.nix'
evaluating file '/nix/store/96l86c0mpipbx10yfrzk65s6yc0jj7cf-nixpkgs-19.09pre188239.c0e56afddbc/nixpkgs/pkgs/os-specific/darwin/apple-source-releases/adv_cmds/boot.nix'
evaluating file '/nix/store/96l86c0mpipbx10yfrzk65s6yc0jj7cf-nixpkgs-19.09pre188239.c0e56afddbc/nixpkgs/pkgs/os-specific/darwin/apple-source-releases/bsdmake/default.nix'
evaluating file '/nix/store/96l86c0mpipbx10yfrzk65s6yc0jj7cf-nixpkgs-19.09pre188239.c0e56afddbc/nixpkgs/pkgs/development/tools/misc/binutils/default.nix'
evaluating file '/nix/store/96l86c0mpipbx10yfrzk65s6yc0jj7cf-nixpkgs-19.09pre188239.c0e56afddbc/nixpkgs/pkgs/tools/text/gnugrep/default.nix'
evaluating file '/nix/store/96l86c0mpipbx10yfrzk65s6yc0jj7cf-nixpkgs-19.09pre188239.c0e56afddbc/nixpkgs/pkgs/shells/bash/bash-4.4-patches.nix'
evaluating file '/nix/store/96l86c0mpipbx10yfrzk65s6yc0jj7cf-nixpkgs-19.09pre188239.c0e56afddbc/nixpkgs/pkgs/development/libraries/zlib/default.nix'
evaluating file '/nix/store/96l86c0mpipbx10yfrzk65s6yc0jj7cf-nixpkgs-19.09pre188239.c0e56afddbc/nixpkgs/pkgs/build-support/expand-response-params/default.nix'
evaluating file '/nix/store/96l86c0mpipbx10yfrzk65s6yc0jj7cf-nixpkgs-19.09pre188239.c0e56afddbc/nixpkgs/pkgs/development/libraries/pcre/default.nix'
evaluating file '/nix/store/96l86c0mpipbx10yfrzk65s6yc0jj7cf-nixpkgs-19.09pre188239.c0e56afddbc/nixpkgs/lib/versions.nix'
evaluating file '/nix/store/96l86c0mpipbx10yfrzk65s6yc0jj7cf-nixpkgs-19.09pre188239.c0e56afddbc/nixpkgs/pkgs/development/compilers/llvm/7/libc++/default.nix'
evaluating file '/nix/store/96l86c0mpipbx10yfrzk65s6yc0jj7cf-nixpkgs-19.09pre188239.c0e56afddbc/nixpkgs/pkgs/development/compilers/llvm/7/llvm.nix'
evaluating file '/nix/store/96l86c0mpipbx10yfrzk65s6yc0jj7cf-nixpkgs-19.09pre188239.c0e56afddbc/nixpkgs/pkgs/os-specific/darwin/apple-source-releases/objc4/default.nix'
evaluating file '/nix/store/96l86c0mpipbx10yfrzk65s6yc0jj7cf-nixpkgs-19.09pre188239.c0e56afddbc/nixpkgs/pkgs/build-support/fetchgithub/default.nix'
evaluating file '/nix/store/96l86c0mpipbx10yfrzk65s6yc0jj7cf-nixpkgs-19.09pre188239.c0e56afddbc/nixpkgs/pkgs/os-specific/darwin/darling/default.nix'
evaluating file '/nix/store/96l86c0mpipbx10yfrzk65s6yc0jj7cf-nixpkgs-19.09pre188239.c0e56afddbc/nixpkgs/pkgs/os-specific/darwin/apple-source-releases/Csu/default.nix'
evaluating file '/nix/store/96l86c0mpipbx10yfrzk65s6yc0jj7cf-nixpkgs-19.09pre188239.c0e56afddbc/nixpkgs/pkgs/tools/archivers/cpio/default.nix'
evaluating file '/nix/store/96l86c0mpipbx10yfrzk65s6yc0jj7cf-nixpkgs-19.09pre188239.c0e56afddbc/nixpkgs/pkgs/development/libraries/libxml2/default.nix'
evaluating file '/nix/store/96l86c0mpipbx10yfrzk65s6yc0jj7cf-nixpkgs-19.09pre188239.c0e56afddbc/nixpkgs/pkgs/tools/networking/curl/default.nix'
evaluating file '/nix/store/96l86c0mpipbx10yfrzk65s6yc0jj7cf-nixpkgs-19.09pre188239.c0e56afddbc/nixpkgs/pkgs/development/libraries/nghttp2/default.nix'
evaluating file '/nix/store/96l86c0mpipbx10yfrzk65s6yc0jj7cf-nixpkgs-19.09pre188239.c0e56afddbc/nixpkgs/pkgs/development/libraries/openssl/default.nix'
evaluating file '/nix/store/96l86c0mpipbx10yfrzk65s6yc0jj7cf-nixpkgs-19.09pre188239.c0e56afddbc/nixpkgs/pkgs/development/libraries/libssh2/default.nix'
evaluating file '/nix/store/96l86c0mpipbx10yfrzk65s6yc0jj7cf-nixpkgs-19.09pre188239.c0e56afddbc/nixpkgs/pkgs/development/libraries/kerberos/krb5.nix'
evaluating file '/nix/store/96l86c0mpipbx10yfrzk65s6yc0jj7cf-nixpkgs-19.09pre188239.c0e56afddbc/nixpkgs/pkgs/development/libraries/libev/default.nix'
evaluating file '/nix/store/96l86c0mpipbx10yfrzk65s6yc0jj7cf-nixpkgs-19.09pre188239.c0e56afddbc/nixpkgs/pkgs/development/libraries/c-ares/default.nix'
evaluating file '/nix/store/96l86c0mpipbx10yfrzk65s6yc0jj7cf-nixpkgs-19.09pre188239.c0e56afddbc/nixpkgs/pkgs/os-specific/darwin/apple-source-releases/ICU/default.nix'
evaluating file '/nix/store/96l86c0mpipbx10yfrzk65s6yc0jj7cf-nixpkgs-19.09pre188239.c0e56afddbc/nixpkgs/pkgs/development/tools/build-managers/ninja/default.nix'
evaluating file '/nix/store/96l86c0mpipbx10yfrzk65s6yc0jj7cf-nixpkgs-19.09pre188239.c0e56afddbc/nixpkgs/pkgs/development/tools/parsing/re2c/default.nix'
evaluating file '/nix/store/96l86c0mpipbx10yfrzk65s6yc0jj7cf-nixpkgs-19.09pre188239.c0e56afddbc/nixpkgs/pkgs/development/compilers/llvm/7/clang/default.nix'
evaluating file '/nix/store/96l86c0mpipbx10yfrzk65s6yc0jj7cf-nixpkgs-19.09pre188239.c0e56afddbc/nixpkgs/pkgs/os-specific/darwin/binutils/default.nix'
evaluating file '/nix/store/96l86c0mpipbx10yfrzk65s6yc0jj7cf-nixpkgs-19.09pre188239.c0e56afddbc/nixpkgs/pkgs/development/libraries/libffi/default.nix'
evaluating file '/nix/store/96l86c0mpipbx10yfrzk65s6yc0jj7cf-nixpkgs-19.09pre188239.c0e56afddbc/nixpkgs/lib/deprecated.nix'
evaluating file '/nix/store/96l86c0mpipbx10yfrzk65s6yc0jj7cf-nixpkgs-19.09pre188239.c0e56afddbc/nixpkgs/pkgs/development/compilers/llvm/7/compiler-rt.nix'
evaluating file '/nix/store/96l86c0mpipbx10yfrzk65s6yc0jj7cf-nixpkgs-19.09pre188239.c0e56afddbc/nixpkgs/pkgs/development/tools/build-managers/gnumake/4.2/default.nix'
evaluating file '/nix/store/96l86c0mpipbx10yfrzk65s6yc0jj7cf-nixpkgs-19.09pre188239.c0e56afddbc/nixpkgs/pkgs/tools/misc/findutils/default.nix'
evaluating file '/nix/store/96l86c0mpipbx10yfrzk65s6yc0jj7cf-nixpkgs-19.09pre188239.c0e56afddbc/nixpkgs/pkgs/tools/text/diffutils/default.nix'
evaluating file '/nix/store/96l86c0mpipbx10yfrzk65s6yc0jj7cf-nixpkgs-19.09pre188239.c0e56afddbc/nixpkgs/pkgs/tools/archivers/gnutar/default.nix'
evaluating file '/nix/store/96l86c0mpipbx10yfrzk65s6yc0jj7cf-nixpkgs-19.09pre188239.c0e56afddbc/nixpkgs/pkgs/tools/compression/gzip/default.nix'
evaluating file '/nix/store/96l86c0mpipbx10yfrzk65s6yc0jj7cf-nixpkgs-19.09pre188239.c0e56afddbc/nixpkgs/pkgs/tools/text/gnused/default.nix'
evaluating file '/nix/store/96l86c0mpipbx10yfrzk65s6yc0jj7cf-nixpkgs-19.09pre188239.c0e56afddbc/nixpkgs/pkgs/tools/text/gawk/default.nix'
evaluating file '/nix/store/96l86c0mpipbx10yfrzk65s6yc0jj7cf-nixpkgs-19.09pre188239.c0e56afddbc/nixpkgs/pkgs/tools/text/gnupatch/default.nix'
evaluating file '/nix/store/96l86c0mpipbx10yfrzk65s6yc0jj7cf-nixpkgs-19.09pre188239.c0e56afddbc/nixpkgs/pkgs/stdenv/common-path.nix'
evaluating file '/nix/store/96l86c0mpipbx10yfrzk65s6yc0jj7cf-nixpkgs-19.09pre188239.c0e56afddbc/nixpkgs/pkgs/development/libraries/readline/6.3.nix'
evaluating file '/nix/store/96l86c0mpipbx10yfrzk65s6yc0jj7cf-nixpkgs-19.09pre188239.c0e56afddbc/nixpkgs/pkgs/development/libraries/readline/readline-6.3-patches.nix'
evaluating file '/nix/store/96l86c0mpipbx10yfrzk65s6yc0jj7cf-nixpkgs-19.09pre188239.c0e56afddbc/nixpkgs/pkgs/development/libraries/gdbm/default.nix'
evaluating file '/nix/store/96l86c0mpipbx10yfrzk65s6yc0jj7cf-nixpkgs-19.09pre188239.c0e56afddbc/nixpkgs/pkgs/development/libraries/libyaml/default.nix'
evaluating file '/nix/store/96l86c0mpipbx10yfrzk65s6yc0jj7cf-nixpkgs-19.09pre188239.c0e56afddbc/nixpkgs/pkgs/os-specific/darwin/apple-source-releases/libunwind/default.nix'
evaluating file '/nix/store/96l86c0mpipbx10yfrzk65s6yc0jj7cf-nixpkgs-19.09pre188239.c0e56afddbc/nixpkgs/pkgs/os-specific/darwin/apple-sdk/default.nix'
evaluating file '/nix/store/96l86c0mpipbx10yfrzk65s6yc0jj7cf-nixpkgs-19.09pre188239.c0e56afddbc/nixpkgs/pkgs/os-specific/darwin/apple-sdk/frameworks.nix'
evaluating file '/nix/store/96l86c0mpipbx10yfrzk65s6yc0jj7cf-nixpkgs-19.09pre188239.c0e56afddbc/nixpkgs/pkgs/tools/compression/xar/default.nix'
evaluating file '/nix/store/96l86c0mpipbx10yfrzk65s6yc0jj7cf-nixpkgs-19.09pre188239.c0e56afddbc/nixpkgs/pkgs/development/interpreters/python/default.nix'
evaluating file '/nix/store/96l86c0mpipbx10yfrzk65s6yc0jj7cf-nixpkgs-19.09pre188239.c0e56afddbc/nixpkgs/pkgs/development/interpreters/python/cpython/2.7/default.nix'
evaluating file '/nix/store/96l86c0mpipbx10yfrzk65s6yc0jj7cf-nixpkgs-19.09pre188239.c0e56afddbc/nixpkgs/pkgs/development/libraries/db/db-5.3.nix'
evaluating file '/nix/store/96l86c0mpipbx10yfrzk65s6yc0jj7cf-nixpkgs-19.09pre188239.c0e56afddbc/nixpkgs/pkgs/development/libraries/db/generic.nix'
evaluating file '/nix/store/96l86c0mpipbx10yfrzk65s6yc0jj7cf-nixpkgs-19.09pre188239.c0e56afddbc/nixpkgs/pkgs/development/libraries/sqlite/default.nix'
evaluating file '/nix/store/96l86c0mpipbx10yfrzk65s6yc0jj7cf-nixpkgs-19.09pre188239.c0e56afddbc/nixpkgs/pkgs/development/libraries/sqlite/archive-version.nix'
evaluating file '/nix/store/96l86c0mpipbx10yfrzk65s6yc0jj7cf-nixpkgs-19.09pre188239.c0e56afddbc/nixpkgs/lib/asserts.nix'
evaluating file '/nix/store/96l86c0mpipbx10yfrzk65s6yc0jj7cf-nixpkgs-19.09pre188239.c0e56afddbc/nixpkgs/pkgs/development/interpreters/python/setup-hook.nix'
evaluating file '/nix/store/96l86c0mpipbx10yfrzk65s6yc0jj7cf-nixpkgs-19.09pre188239.c0e56afddbc/nixpkgs/pkgs/tools/compression/pbzx/default.nix'
evaluating file '/nix/store/96l86c0mpipbx10yfrzk65s6yc0jj7cf-nixpkgs-19.09pre188239.c0e56afddbc/nixpkgs/pkgs/development/interpreters/ruby/patchsets.nix'
evaluating file '/nix/store/96l86c0mpipbx10yfrzk65s6yc0jj7cf-nixpkgs-19.09pre188239.c0e56afddbc/nixpkgs/pkgs/development/interpreters/ruby/config.nix'
evaluating file '/nix/store/96l86c0mpipbx10yfrzk65s6yc0jj7cf-nixpkgs-19.09pre188239.c0e56afddbc/nixpkgs/pkgs/build-support/fetchsavannah/default.nix'
evaluating file '/nix/store/96l86c0mpipbx10yfrzk65s6yc0jj7cf-nixpkgs-19.09pre188239.c0e56afddbc/nixpkgs/pkgs/development/interpreters/ruby/rubygems/default.nix'
evaluating file '/nix/store/96l86c0mpipbx10yfrzk65s6yc0jj7cf-nixpkgs-19.09pre188239.c0e56afddbc/nixpkgs/pkgs/development/interpreters/ruby/rvm-patchsets.nix'
evaluating file '/nix/store/96l86c0mpipbx10yfrzk65s6yc0jj7cf-nixpkgs-19.09pre188239.c0e56afddbc/nixpkgs/pkgs/development/ruby-modules/bundler-env/default.nix'
evaluating file '/nix/store/96l86c0mpipbx10yfrzk65s6yc0jj7cf-nixpkgs-19.09pre188239.c0e56afddbc/nixpkgs/pkgs/development/ruby-modules/bundled-common/default.nix'
evaluating file '/nix/store/96l86c0mpipbx10yfrzk65s6yc0jj7cf-nixpkgs-19.09pre188239.c0e56afddbc/nixpkgs/pkgs/build-support/buildenv/default.nix'
evaluating file '/nix/store/96l86c0mpipbx10yfrzk65s6yc0jj7cf-nixpkgs-19.09pre188239.c0e56afddbc/nixpkgs/pkgs/build-support/substitute/substitute-all.nix'
evaluating file '/nix/store/96l86c0mpipbx10yfrzk65s6yc0jj7cf-nixpkgs-19.09pre188239.c0e56afddbc/nixpkgs/pkgs/development/ruby-modules/bundled-common/functions.nix'
evaluating file '/Users/nickTD/proj/Examples/gemset.nix'
evaluating file '/nix/store/96l86c0mpipbx10yfrzk65s6yc0jj7cf-nixpkgs-19.09pre188239.c0e56afddbc/nixpkgs/pkgs/development/ruby-modules/gem-config/default.nix'
evaluating file '/nix/store/96l86c0mpipbx10yfrzk65s6yc0jj7cf-nixpkgs-19.09pre188239.c0e56afddbc/nixpkgs/pkgs/development/ruby-modules/gem/default.nix'
evaluating file '/nix/store/96l86c0mpipbx10yfrzk65s6yc0jj7cf-nixpkgs-19.09pre188239.c0e56afddbc/nixpkgs/pkgs/applications/graphics/graphicsmagick/default.nix'
evaluating file '/nix/store/96l86c0mpipbx10yfrzk65s6yc0jj7cf-nixpkgs-19.09pre188239.c0e56afddbc/nixpkgs/pkgs/development/libraries/freetype/default.nix'
evaluating file '/nix/store/96l86c0mpipbx10yfrzk65s6yc0jj7cf-nixpkgs-19.09pre188239.c0e56afddbc/nixpkgs/pkgs/tools/system/which/default.nix'
evaluating file '/nix/store/96l86c0mpipbx10yfrzk65s6yc0jj7cf-nixpkgs-19.09pre188239.c0e56afddbc/nixpkgs/pkgs/development/libraries/glib/default.nix'
evaluating file '/nix/store/96l86c0mpipbx10yfrzk65s6yc0jj7cf-nixpkgs-19.09pre188239.c0e56afddbc/nixpkgs/pkgs/development/libraries/libpng/default.nix'
evaluating file '/nix/store/96l86c0mpipbx10yfrzk65s6yc0jj7cf-nixpkgs-19.09pre188239.c0e56afddbc/nixpkgs/pkgs/misc/ghostscript/default.nix'
evaluating file '/nix/store/96l86c0mpipbx10yfrzk65s6yc0jj7cf-nixpkgs-19.09pre188239.c0e56afddbc/nixpkgs/pkgs/development/libraries/expat/default.nix'
evaluating file '/nix/store/96l86c0mpipbx10yfrzk65s6yc0jj7cf-nixpkgs-19.09pre188239.c0e56afddbc/nixpkgs/pkgs/development/libraries/libjpeg-turbo/default.nix'
evaluating file '/nix/store/96l86c0mpipbx10yfrzk65s6yc0jj7cf-nixpkgs-19.09pre188239.c0e56afddbc/nixpkgs/pkgs/development/libraries/libarchive/default.nix'
evaluating file '/nix/store/96l86c0mpipbx10yfrzk65s6yc0jj7cf-nixpkgs-19.09pre188239.c0e56afddbc/nixpkgs/pkgs/tools/archivers/sharutils/default.nix'
evaluating file '/nix/store/96l86c0mpipbx10yfrzk65s6yc0jj7cf-nixpkgs-19.09pre188239.c0e56afddbc/nixpkgs/pkgs/development/libraries/lzo/default.nix'
evaluating file '/nix/store/96l86c0mpipbx10yfrzk65s6yc0jj7cf-nixpkgs-19.09pre188239.c0e56afddbc/nixpkgs/pkgs/development/libraries/libuv/default.nix'
evaluating file '/nix/store/96l86c0mpipbx10yfrzk65s6yc0jj7cf-nixpkgs-19.09pre188239.c0e56afddbc/nixpkgs/pkgs/tools/security/rhash/default.nix'
evaluating file '/nix/store/96l86c0mpipbx10yfrzk65s6yc0jj7cf-nixpkgs-19.09pre188239.c0e56afddbc/nixpkgs/pkgs/development/compilers/nasm/default.nix'
evaluating file '/nix/store/96l86c0mpipbx10yfrzk65s6yc0jj7cf-nixpkgs-19.09pre188239.c0e56afddbc/nixpkgs/pkgs/tools/typesetting/asciidoc/default.nix'
evaluating file '/nix/store/96l86c0mpipbx10yfrzk65s6yc0jj7cf-nixpkgs-19.09pre188239.c0e56afddbc/nixpkgs/pkgs/tools/typesetting/xmlto/default.nix'
evaluating file '/nix/store/96l86c0mpipbx10yfrzk65s6yc0jj7cf-nixpkgs-19.09pre188239.c0e56afddbc/nixpkgs/pkgs/development/libraries/libxslt/default.nix'
evaluating file '/nix/store/96l86c0mpipbx10yfrzk65s6yc0jj7cf-nixpkgs-19.09pre188239.c0e56afddbc/nixpkgs/pkgs/data/sgml+xml/schemas/xml-dtd/docbook/4.5.nix'
evaluating file '/nix/store/96l86c0mpipbx10yfrzk65s6yc0jj7cf-nixpkgs-19.09pre188239.c0e56afddbc/nixpkgs/pkgs/data/sgml+xml/schemas/xml-dtd/docbook/generic.nix'
evaluating file '/nix/store/96l86c0mpipbx10yfrzk65s6yc0jj7cf-nixpkgs-19.09pre188239.c0e56afddbc/nixpkgs/pkgs/data/sgml+xml/stylesheets/xslt/docbook-xsl/default.nix'
evaluating file '/nix/store/96l86c0mpipbx10yfrzk65s6yc0jj7cf-nixpkgs-19.09pre188239.c0e56afddbc/nixpkgs/pkgs/tools/misc/getopt/default.nix'
evaluating file '/nix/store/96l86c0mpipbx10yfrzk65s6yc0jj7cf-nixpkgs-19.09pre188239.c0e56afddbc/nixpkgs/pkgs/applications/networking/browsers/w3m/default.nix'
evaluating file '/nix/store/96l86c0mpipbx10yfrzk65s6yc0jj7cf-nixpkgs-19.09pre188239.c0e56afddbc/nixpkgs/pkgs/tools/misc/man/default.nix'
evaluating file '/nix/store/96l86c0mpipbx10yfrzk65s6yc0jj7cf-nixpkgs-19.09pre188239.c0e56afddbc/nixpkgs/pkgs/tools/misc/less/default.nix'
evaluating file '/nix/store/96l86c0mpipbx10yfrzk65s6yc0jj7cf-nixpkgs-19.09pre188239.c0e56afddbc/nixpkgs/pkgs/development/libraries/boehm-gc/default.nix'
evaluating file '/nix/store/96l86c0mpipbx10yfrzk65s6yc0jj7cf-nixpkgs-19.09pre188239.c0e56afddbc/nixpkgs/pkgs/build-support/fetchrepoorcz/default.nix'
evaluating file '/nix/store/96l86c0mpipbx10yfrzk65s6yc0jj7cf-nixpkgs-19.09pre188239.c0e56afddbc/nixpkgs/pkgs/development/libraries/libtiff/default.nix'
evaluating file '/nix/store/96l86c0mpipbx10yfrzk65s6yc0jj7cf-nixpkgs-19.09pre188239.c0e56afddbc/nixpkgs/pkgs/development/libraries/fontconfig/default.nix'
evaluating file '/nix/store/96l86c0mpipbx10yfrzk65s6yc0jj7cf-nixpkgs-19.09pre188239.c0e56afddbc/nixpkgs/pkgs/data/fonts/dejavu-fonts/default.nix'
evaluating file '/nix/store/96l86c0mpipbx10yfrzk65s6yc0jj7cf-nixpkgs-19.09pre188239.c0e56afddbc/nixpkgs/pkgs/tools/misc/fontforge/default.nix'
evaluating file '/nix/store/96l86c0mpipbx10yfrzk65s6yc0jj7cf-nixpkgs-19.09pre188239.c0e56afddbc/nixpkgs/pkgs/development/libraries/uthash/default.nix'
evaluating file '/nix/store/96l86c0mpipbx10yfrzk65s6yc0jj7cf-nixpkgs-19.09pre188239.c0e56afddbc/nixpkgs/pkgs/development/web/woff2/default.nix'
evaluating file '/nix/store/96l86c0mpipbx10yfrzk65s6yc0jj7cf-nixpkgs-19.09pre188239.c0e56afddbc/nixpkgs/pkgs/tools/compression/brotli/default.nix'
evaluating file '/nix/store/96l86c0mpipbx10yfrzk65s6yc0jj7cf-nixpkgs-19.09pre188239.c0e56afddbc/nixpkgs/pkgs/development/libraries/zeromq/4.x.nix'
evaluating file '/nix/store/96l86c0mpipbx10yfrzk65s6yc0jj7cf-nixpkgs-19.09pre188239.c0e56afddbc/nixpkgs/pkgs/development/libraries/libelf/default.nix'
evaluating file '/nix/store/96l86c0mpipbx10yfrzk65s6yc0jj7cf-nixpkgs-19.09pre188239.c0e56afddbc/nixpkgs/pkgs/development/tools/build-managers/meson/default.nix'
evaluating file '/nix/store/96l86c0mpipbx10yfrzk65s6yc0jj7cf-nixpkgs-19.09pre188239.c0e56afddbc/nixpkgs/pkgs/development/interpreters/python/cpython/default.nix'
evaluating file '/nix/store/96l86c0mpipbx10yfrzk65s6yc0jj7cf-nixpkgs-19.09pre188239.c0e56afddbc/nixpkgs/pkgs/top-level/python-packages.nix'
evaluating file '/nix/store/96l86c0mpipbx10yfrzk65s6yc0jj7cf-nixpkgs-19.09pre188239.c0e56afddbc/nixpkgs/pkgs/development/interpreters/python/build-python-package.nix'
evaluating file '/nix/store/96l86c0mpipbx10yfrzk65s6yc0jj7cf-nixpkgs-19.09pre188239.c0e56afddbc/nixpkgs/pkgs/development/interpreters/python/mk-python-derivation.nix'
evaluating file '/nix/store/96l86c0mpipbx10yfrzk65s6yc0jj7cf-nixpkgs-19.09pre188239.c0e56afddbc/nixpkgs/pkgs/development/interpreters/python/build-python-package-common.nix'
evaluating file '/nix/store/96l86c0mpipbx10yfrzk65s6yc0jj7cf-nixpkgs-19.09pre188239.c0e56afddbc/nixpkgs/pkgs/development/interpreters/python/build-python-package-setuptools.nix'
evaluating file '/nix/store/96l86c0mpipbx10yfrzk65s6yc0jj7cf-nixpkgs-19.09pre188239.c0e56afddbc/nixpkgs/pkgs/development/interpreters/python/fetchpypi.nix'
evaluating file '/nix/store/96l86c0mpipbx10yfrzk65s6yc0jj7cf-nixpkgs-19.09pre188239.c0e56afddbc/nixpkgs/pkgs/development/python-modules/bootstrapped-pip/default.nix'
evaluating file '/nix/store/96l86c0mpipbx10yfrzk65s6yc0jj7cf-nixpkgs-19.09pre188239.c0e56afddbc/nixpkgs/pkgs/build-support/nuke-references/default.nix'
evaluating file '/nix/store/96l86c0mpipbx10yfrzk65s6yc0jj7cf-nixpkgs-19.09pre188239.c0e56afddbc/nixpkgs/pkgs/development/interpreters/python/wrap-python.nix'
evaluating file '/nix/store/96l86c0mpipbx10yfrzk65s6yc0jj7cf-nixpkgs-19.09pre188239.c0e56afddbc/nixpkgs/pkgs/development/python-modules/setuptools/default.nix'
evaluating file '/nix/store/96l86c0mpipbx10yfrzk65s6yc0jj7cf-nixpkgs-19.09pre188239.c0e56afddbc/nixpkgs/pkgs/development/tools/documentation/gtk-doc/default.nix'
evaluating file '/nix/store/96l86c0mpipbx10yfrzk65s6yc0jj7cf-nixpkgs-19.09pre188239.c0e56afddbc/nixpkgs/pkgs/data/sgml+xml/schemas/xml-dtd/docbook/4.3.nix'
evaluating file '/nix/store/96l86c0mpipbx10yfrzk65s6yc0jj7cf-nixpkgs-19.09pre188239.c0e56afddbc/nixpkgs/pkgs/development/python-modules/Pygments/default.nix'
evaluating file '/nix/store/96l86c0mpipbx10yfrzk65s6yc0jj7cf-nixpkgs-19.09pre188239.c0e56afddbc/nixpkgs/pkgs/development/python-modules/docutils/default.nix'
evaluating file '/nix/store/96l86c0mpipbx10yfrzk65s6yc0jj7cf-nixpkgs-19.09pre188239.c0e56afddbc/nixpkgs/pkgs/build-support/fetchgitlab/default.nix'
evaluating file '/nix/store/96l86c0mpipbx10yfrzk65s6yc0jj7cf-nixpkgs-19.09pre188239.c0e56afddbc/nixpkgs/pkgs/development/libraries/giflib/libungif.nix'
evaluating file '/nix/store/96l86c0mpipbx10yfrzk65s6yc0jj7cf-nixpkgs-19.09pre188239.c0e56afddbc/nixpkgs/pkgs/development/tools/gnulib/default.nix'
evaluating file '/nix/store/96l86c0mpipbx10yfrzk65s6yc0jj7cf-nixpkgs-19.09pre188239.c0e56afddbc/nixpkgs/pkgs/build-support/fetchgit/default.nix'
evaluating file '/nix/store/96l86c0mpipbx10yfrzk65s6yc0jj7cf-nixpkgs-19.09pre188239.c0e56afddbc/nixpkgs/pkgs/data/misc/cacert/default.nix'
evaluating file '/nix/store/96l86c0mpipbx10yfrzk65s6yc0jj7cf-nixpkgs-19.09pre188239.c0e56afddbc/nixpkgs/pkgs/development/libraries/nss/default.nix'
evaluating file '/nix/store/96l86c0mpipbx10yfrzk65s6yc0jj7cf-nixpkgs-19.09pre188239.c0e56afddbc/nixpkgs/pkgs/applications/version-management/git-and-tools/default.nix'
evaluating file '/nix/store/96l86c0mpipbx10yfrzk65s6yc0jj7cf-nixpkgs-19.09pre188239.c0e56afddbc/nixpkgs/pkgs/applications/version-management/git-and-tools/git/default.nix'
evaluating file '/nix/store/96l86c0mpipbx10yfrzk65s6yc0jj7cf-nixpkgs-19.09pre188239.c0e56afddbc/nixpkgs/pkgs/tools/networking/openssh/default.nix'
evaluating file '/nix/store/96l86c0mpipbx10yfrzk65s6yc0jj7cf-nixpkgs-19.09pre188239.c0e56afddbc/nixpkgs/pkgs/development/libraries/libedit/default.nix'
evaluating file '/nix/store/96l86c0mpipbx10yfrzk65s6yc0jj7cf-nixpkgs-19.09pre188239.c0e56afddbc/nixpkgs/pkgs/development/tools/misc/gperf/default.nix'
evaluating file '/nix/store/96l86c0mpipbx10yfrzk65s6yc0jj7cf-nixpkgs-19.09pre188239.c0e56afddbc/nixpkgs/pkgs/development/libraries/libpaper/default.nix'
evaluating file '/nix/store/96l86c0mpipbx10yfrzk65s6yc0jj7cf-nixpkgs-19.09pre188239.c0e56afddbc/nixpkgs/pkgs/development/libraries/jbig2dec/default.nix'
evaluating file '/nix/store/96l86c0mpipbx10yfrzk65s6yc0jj7cf-nixpkgs-19.09pre188239.c0e56afddbc/nixpkgs/pkgs/development/libraries/ijs/default.nix'
evaluating file '/nix/store/96l86c0mpipbx10yfrzk65s6yc0jj7cf-nixpkgs-19.09pre188239.c0e56afddbc/nixpkgs/pkgs/development/libraries/lcms2/default.nix'
evaluating file '/nix/store/96l86c0mpipbx10yfrzk65s6yc0jj7cf-nixpkgs-19.09pre188239.c0e56afddbc/nixpkgs/pkgs/tools/graphics/graphviz/default.nix'
evaluating file '/nix/store/96l86c0mpipbx10yfrzk65s6yc0jj7cf-nixpkgs-19.09pre188239.c0e56afddbc/nixpkgs/pkgs/tools/graphics/graphviz/base.nix'
evaluating file '/nix/store/96l86c0mpipbx10yfrzk65s6yc0jj7cf-nixpkgs-19.09pre188239.c0e56afddbc/nixpkgs/pkgs/development/libraries/cairo/default.nix'
evaluating file '/nix/store/96l86c0mpipbx10yfrzk65s6yc0jj7cf-nixpkgs-19.09pre188239.c0e56afddbc/nixpkgs/pkgs/development/libraries/pixman/default.nix'
evaluating file '/nix/store/96l86c0mpipbx10yfrzk65s6yc0jj7cf-nixpkgs-19.09pre188239.c0e56afddbc/nixpkgs/pkgs/development/libraries/gd/default.nix'
evaluating file '/nix/store/96l86c0mpipbx10yfrzk65s6yc0jj7cf-nixpkgs-19.09pre188239.c0e56afddbc/nixpkgs/pkgs/development/libraries/libwebp/default.nix'
evaluating file '/nix/store/96l86c0mpipbx10yfrzk65s6yc0jj7cf-nixpkgs-19.09pre188239.c0e56afddbc/nixpkgs/pkgs/development/libraries/giflib/5.1.nix'
evaluating file '/nix/store/96l86c0mpipbx10yfrzk65s6yc0jj7cf-nixpkgs-19.09pre188239.c0e56afddbc/nixpkgs/pkgs/data/sgml+xml/schemas/xml-dtd/docbook/4.1.2.nix'
evaluating file '/nix/store/96l86c0mpipbx10yfrzk65s6yc0jj7cf-nixpkgs-19.09pre188239.c0e56afddbc/nixpkgs/pkgs/development/libraries/gts/default.nix'
evaluating file '/nix/store/96l86c0mpipbx10yfrzk65s6yc0jj7cf-nixpkgs-19.09pre188239.c0e56afddbc/nixpkgs/pkgs/development/libraries/libdevil/default.nix'
evaluating file '/nix/store/96l86c0mpipbx10yfrzk65s6yc0jj7cf-nixpkgs-19.09pre188239.c0e56afddbc/nixpkgs/pkgs/development/libraries/libmng/default.nix'
evaluating file '/nix/store/96l86c0mpipbx10yfrzk65s6yc0jj7cf-nixpkgs-19.09pre188239.c0e56afddbc/nixpkgs/pkgs/development/libraries/lcms/default.nix'
evaluating file '/nix/store/96l86c0mpipbx10yfrzk65s6yc0jj7cf-nixpkgs-19.09pre188239.c0e56afddbc/nixpkgs/pkgs/development/libraries/openexr/default.nix'
evaluating file '/nix/store/96l86c0mpipbx10yfrzk65s6yc0jj7cf-nixpkgs-19.09pre188239.c0e56afddbc/nixpkgs/pkgs/development/libraries/ilmbase/default.nix'
evaluating file '/nix/store/96l86c0mpipbx10yfrzk65s6yc0jj7cf-nixpkgs-19.09pre188239.c0e56afddbc/nixpkgs/pkgs/development/libraries/mesa/stubs.nix'
evaluating file '/nix/store/96l86c0mpipbx10yfrzk65s6yc0jj7cf-nixpkgs-19.09pre188239.c0e56afddbc/nixpkgs/pkgs/development/libraries/libglvnd/default.nix'
evaluating file '/nix/store/96l86c0mpipbx10yfrzk65s6yc0jj7cf-nixpkgs-19.09pre188239.c0e56afddbc/nixpkgs/pkgs/development/libraries/mesa/default.nix'
evaluating file '/nix/store/96l86c0mpipbx10yfrzk65s6yc0jj7cf-nixpkgs-19.09pre188239.c0e56afddbc/nixpkgs/pkgs/build-support/add-opengl-runpath/default.nix'
evaluating file '/nix/store/96l86c0mpipbx10yfrzk65s6yc0jj7cf-nixpkgs-19.09pre188239.c0e56afddbc/nixpkgs/pkgs/development/libraries/libvdpau/default.nix'
evaluating file '/nix/store/96l86c0mpipbx10yfrzk65s6yc0jj7cf-nixpkgs-19.09pre188239.c0e56afddbc/nixpkgs/pkgs/development/tools/misc/intltool/default.nix'
evaluating file '/nix/store/96l86c0mpipbx10yfrzk65s6yc0jj7cf-nixpkgs-19.09pre188239.c0e56afddbc/nixpkgs/pkgs/tools/misc/file/default.nix'
evaluating file '/nix/store/96l86c0mpipbx10yfrzk65s6yc0jj7cf-nixpkgs-19.09pre188239.c0e56afddbc/nixpkgs/pkgs/development/python-modules/Mako/default.nix'
evaluating file '/nix/store/96l86c0mpipbx10yfrzk65s6yc0jj7cf-nixpkgs-19.09pre188239.c0e56afddbc/nixpkgs/pkgs/development/python-modules/markupsafe/default.nix'
evaluating file '/nix/store/96l86c0mpipbx10yfrzk65s6yc0jj7cf-nixpkgs-19.09pre188239.c0e56afddbc/nixpkgs/pkgs/development/python-modules/nose/default.nix'
evaluating file '/nix/store/96l86c0mpipbx10yfrzk65s6yc0jj7cf-nixpkgs-19.09pre188239.c0e56afddbc/nixpkgs/pkgs/development/python-modules/coverage/default.nix'
evaluating file '/nix/store/96l86c0mpipbx10yfrzk65s6yc0jj7cf-nixpkgs-19.09pre188239.c0e56afddbc/nixpkgs/pkgs/development/python-modules/mock/default.nix'
evaluating file '/nix/store/96l86c0mpipbx10yfrzk65s6yc0jj7cf-nixpkgs-19.09pre188239.c0e56afddbc/nixpkgs/pkgs/development/python-modules/unittest2/default.nix'
evaluating file '/nix/store/96l86c0mpipbx10yfrzk65s6yc0jj7cf-nixpkgs-19.09pre188239.c0e56afddbc/nixpkgs/pkgs/development/python-modules/six/default.nix'
evaluating file '/nix/store/96l86c0mpipbx10yfrzk65s6yc0jj7cf-nixpkgs-19.09pre188239.c0e56afddbc/nixpkgs/pkgs/development/python-modules/traceback2/default.nix'
evaluating file '/nix/store/96l86c0mpipbx10yfrzk65s6yc0jj7cf-nixpkgs-19.09pre188239.c0e56afddbc/nixpkgs/pkgs/development/python-modules/pbr/default.nix'
evaluating file '/nix/store/96l86c0mpipbx10yfrzk65s6yc0jj7cf-nixpkgs-19.09pre188239.c0e56afddbc/nixpkgs/pkgs/development/python-modules/linecache2/default.nix'
evaluating file '/nix/store/96l86c0mpipbx10yfrzk65s6yc0jj7cf-nixpkgs-19.09pre188239.c0e56afddbc/nixpkgs/pkgs/development/python-modules/funcsigs/default.nix'
evaluating file '/nix/store/96l86c0mpipbx10yfrzk65s6yc0jj7cf-nixpkgs-19.09pre188239.c0e56afddbc/nixpkgs/pkgs/development/python-modules/pytest/default.nix'
evaluating file '/nix/store/96l86c0mpipbx10yfrzk65s6yc0jj7cf-nixpkgs-19.09pre188239.c0e56afddbc/nixpkgs/pkgs/development/python-modules/setuptools_scm/default.nix'
evaluating file '/nix/store/96l86c0mpipbx10yfrzk65s6yc0jj7cf-nixpkgs-19.09pre188239.c0e56afddbc/nixpkgs/pkgs/development/python-modules/pip/default.nix'
evaluating file '/nix/store/96l86c0mpipbx10yfrzk65s6yc0jj7cf-nixpkgs-19.09pre188239.c0e56afddbc/nixpkgs/pkgs/development/python-modules/hypothesis/default.nix'
evaluating file '/nix/store/96l86c0mpipbx10yfrzk65s6yc0jj7cf-nixpkgs-19.09pre188239.c0e56afddbc/nixpkgs/pkgs/development/python-modules/attrs/default.nix'
evaluating file '/nix/store/96l86c0mpipbx10yfrzk65s6yc0jj7cf-nixpkgs-19.09pre188239.c0e56afddbc/nixpkgs/pkgs/development/python-modules/py/default.nix'
evaluating file '/nix/store/96l86c0mpipbx10yfrzk65s6yc0jj7cf-nixpkgs-19.09pre188239.c0e56afddbc/nixpkgs/pkgs/development/python-modules/pluggy/default.nix'
evaluating file '/nix/store/96l86c0mpipbx10yfrzk65s6yc0jj7cf-nixpkgs-19.09pre188239.c0e56afddbc/nixpkgs/pkgs/development/python-modules/importlib-metadata/default.nix'
evaluating file '/nix/store/96l86c0mpipbx10yfrzk65s6yc0jj7cf-nixpkgs-19.09pre188239.c0e56afddbc/nixpkgs/pkgs/development/python-modules/zipp/default.nix'
evaluating file '/nix/store/96l86c0mpipbx10yfrzk65s6yc0jj7cf-nixpkgs-19.09pre188239.c0e56afddbc/nixpkgs/pkgs/development/python-modules/more-itertools/default.nix'
evaluating file '/nix/store/96l86c0mpipbx10yfrzk65s6yc0jj7cf-nixpkgs-19.09pre188239.c0e56afddbc/nixpkgs/pkgs/development/python-modules/atomicwrites/default.nix'
evaluating file '/nix/store/96l86c0mpipbx10yfrzk65s6yc0jj7cf-nixpkgs-19.09pre188239.c0e56afddbc/nixpkgs/pkgs/development/python-modules/wcwidth/default.nix'
evaluating file '/nix/store/96l86c0mpipbx10yfrzk65s6yc0jj7cf-nixpkgs-19.09pre188239.c0e56afddbc/nixpkgs/pkgs/development/python-modules/packaging/default.nix'
evaluating file '/nix/store/96l86c0mpipbx10yfrzk65s6yc0jj7cf-nixpkgs-19.09pre188239.c0e56afddbc/nixpkgs/pkgs/development/python-modules/pyparsing/default.nix'
evaluating file '/nix/store/96l86c0mpipbx10yfrzk65s6yc0jj7cf-nixpkgs-19.09pre188239.c0e56afddbc/nixpkgs/pkgs/development/libraries/pango/default.nix'
evaluating file '/nix/store/96l86c0mpipbx10yfrzk65s6yc0jj7cf-nixpkgs-19.09pre188239.c0e56afddbc/nixpkgs/pkgs/development/libraries/fontconfig/make-fonts-conf.nix'
evaluating file '/nix/store/96l86c0mpipbx10yfrzk65s6yc0jj7cf-nixpkgs-19.09pre188239.c0e56afddbc/nixpkgs/pkgs/data/fonts/freefont-ttf/default.nix'
evaluating file '/nix/store/96l86c0mpipbx10yfrzk65s6yc0jj7cf-nixpkgs-19.09pre188239.c0e56afddbc/nixpkgs/pkgs/development/libraries/harfbuzz/default.nix'
evaluating file '/nix/store/96l86c0mpipbx10yfrzk65s6yc0jj7cf-nixpkgs-19.09pre188239.c0e56afddbc/nixpkgs/pkgs/development/libraries/silgraphite/graphite2.nix'
evaluating file '/nix/store/96l86c0mpipbx10yfrzk65s6yc0jj7cf-nixpkgs-19.09pre188239.c0e56afddbc/nixpkgs/pkgs/development/libraries/fribidi/default.nix'
evaluating file '/nix/store/96l86c0mpipbx10yfrzk65s6yc0jj7cf-nixpkgs-19.09pre188239.c0e56afddbc/nixpkgs/pkgs/development/libraries/gobject-introspection/default.nix'
evaluating file '/nix/store/96l86c0mpipbx10yfrzk65s6yc0jj7cf-nixpkgs-19.09pre188239.c0e56afddbc/nixpkgs/pkgs/development/ruby-modules/bundler/default.nix'
evaluating file '/nix/store/96l86c0mpipbx10yfrzk65s6yc0jj7cf-nixpkgs-19.09pre188239.c0e56afddbc/nixpkgs/pkgs/development/libraries/readline/7.0.nix'
evaluating file '/nix/store/96l86c0mpipbx10yfrzk65s6yc0jj7cf-nixpkgs-19.09pre188239.c0e56afddbc/nixpkgs/pkgs/development/libraries/readline/readline-7.0-patches.nix'
querying info about '/nix/store/p73l02nkvnw7bnz9019k7zf44sn7g6zj-gemfile-and-lockfile' on 'https://cache.nixos.org'...
downloading 'https://cache.nixos.org/p73l02nkvnw7bnz9019k7zf44sn7g6zj.narinfo'...
these derivations will be built:
  /nix/store/zjdwhqypsfmhyqqg5lww7xc5h1b3v2fb-gemfile-and-lockfile.drv
  /nix/store/ni0vpgna913rnnpsfdbcyyyh2wva12dg-Example.drv
building '/nix/store/zjdwhqypsfmhyqqg5lww7xc5h1b3v2fb-gemfile-and-lockfile.drv'...
building '/nix/store/ni0vpgna913rnnpsfdbcyyyh2wva12dg-Example.drv'...
created 7 symlinks in user environment

[nix-shell:~/proj/Examples]$ exit